
=== Thu Jul  8 19:05:07 2021

Packages were changed.
Update Mode: updateDependencies

The following packages were updated:
  com.unity.ide.vscode from version 1.2.1 to 1.2.3
  com.unity.test-framework from version 1.1.14 to 1.1.20

=== Mon Dec 20 20:17:42 2021

Packages were changed.
Update Mode: updateDependencies

The following packages were added:
  com.unity.2d.sprite@1.0.0
  com.unity.2d.tilemap@1.0.0
  com.unity.multiplayer-hlapi@1.0.6
  com.unity.xr.legacyinputhelpers@2.1.7
The following packages were updated:
  com.unity.xr.oculus.standalone from version 1.38.4 to 2.38.4

=== Tue May 16 12:21:15 2023

Packages were changed.
Update Mode: updateDependencies

The following packages were added:
  com.unity.ide.visualstudio@2.0.16
The following packages were updated:
  com.unity.collab-proxy from version 1.2.16 to 1.15.18
  com.unity.ide.rider from version 1.1.4 to 3.0.15
  com.unity.ide.vscode from version 1.2.3 to 1.2.5
  com.unity.test-framework from version 1.1.20 to 1.1.31
  com.unity.textmeshpro from version 2.0.1 to 3.0.6
  com.unity.timeline from version 1.2.14 to 1.6.4
  com.unity.xr.legacyinputhelpers from version 2.1.7 to 2.1.9
The following packages were removed:
  com.unity.multiplayer-hlapi@1.0.6

=== Mon Nov 20 21:15:16 2023

Packages were changed.
Update Mode: updateDependencies

The following packages were updated:
  com.unity.collab-proxy from version 1.15.18 to 1.17.6
  com.unity.ide.rider from version 3.0.15 to 3.0.16
  com.unity.test-framework from version 1.1.31 to 1.1.33
  com.unity.timeline from version 1.6.4 to 1.7.2
  com.unity.xr.legacyinputhelpers from version 2.1.9 to 2.1.10
